<?xml version="1.0" encoding="utf-8"?><testsuites><testsuite name="pytest" errors="0" failures="0" skipped="0" tests="4" time="75.638" timestamp="2023-11-30T23:21:18.396934" hostname="JL-DESKTOP"><testcase classname="tests.model.test_model.TestModel" name="test_model_fit" time="18.533" /><testcase classname="tests.model.test_model.TestModel" name="test_model_predict" time="18.468" /><testcase classname="tests.model.test_model.TestModel" name="test_model_preprocess_for_serving" time="18.386" /><testcase classname="tests.model.test_model.TestModel" name="test_model_preprocess_for_training" time="18.358" /></testsuite></testsuites>